# JRE version: OpenJDK Runtime Environment (17.0.6) (build 17.0.6+0-b2043.56-10027231)
# Java VM: OpenJDK 64-Bit Server VM (17.0.6+0-b2043.56-10027231, mixed mode, tiered, compressed oops, compressed class ptrs, g1 gc, windows-amd64)
GC Precious Log:
 CPUs: 4 total, 4 available
 Memory: 8067M
 Large Page Support: Disabled
 NUMA Support: Disabled
 Compressed Oops: Enabled (32-bit)
 Heap Region Size: 1M
 Heap Min Capacity: 8M
 Heap Initial Capacity: 128M
 Heap Max Capacity: 1536M
 Pre-touch: Disabled
 Parallel Workers: 4
 Concurrent Workers: 1
 Concurrent Refinement Workers: 4
 Periodic GC: Disabled
Heap:
 garbage-first heap   total 202752K, used 173777K [0x00000000a0000000, 0x0000000100000000)
  region size 1024K, 9 young (9216K), 2 survivors (2048K)
 Metaspace       used 89127K, committed 90240K, reserved 1130496K
  class space    used 12098K, committed 12544K, reserved 1048576K
GC Heap History (20 events):
Event: 215.688 GC heap before
{Heap before GC invocations=65 (full 0):
 garbage-first heap   total 168960K, used 137668K [0x00000000a0000000, 0x0000000100000000)
  region size 1024K, 34 young (34816K), 1 survivors (1024K)
 Metaspace       used 86695K, committed 87616K, reserved 1130496K
  class space    used 11792K, committed 12160K, reserved 1048576K
}
Event: 215.736 GC heap after
{Heap after GC invocations=66 (full 0):
 garbage-first heap   total 168960K, used 109069K [0x00000000a0000000, 0x0000000100000000)
  region size 1024K, 5 young (5120K), 5 survivors (5120K)
 Metaspace       used 86695K, committed 87616K, reserved 1130496K
  class space    used 11792K, committed 12160K, reserved 1048576K
}
Event: 222.059 GC heap before
{Heap before GC invocations=66 (full 0):
 garbage-first heap   total 168960K, used 138765K [0x00000000a0000000, 0x0000000100000000)
  region size 1024K, 34 young (34816K), 5 survivors (5120K)
 Metaspace       used 87169K, committed 88128K, reserved 1130496K
  class space    used 11851K, committed 12224K, reserved 1048576K
}
Event: 222.115 GC heap after
{Heap after GC invocations=67 (full 0):
 garbage-first heap   total 168960K, used 114688K [0x00000000a0000000, 0x0000000100000000)
  region size 1024K, 5 young (5120K), 5 survivors (5120K)
 Metaspace       used 87169K, committed 88128K, reserved 1130496K
  class space    used 11851K, committed 12224K, reserved 1048576K
}
Event: 224.396 GC heap before
{Heap before GC invocations=67 (full 0):
 garbage-first heap   total 168960K, used 139264K [0x00000000a0000000, 0x0000000100000000)
  region size 1024K, 29 young (29696K), 5 survivors (5120K)
 Metaspace       used 87534K, committed 88576K, reserved 1130496K
  class space    used 11907K, committed 12352K, reserved 1048576K
}
Event: 224.445 GC heap after
{Heap after GC invocations=68 (full 0):
 garbage-first heap   total 168960K, used 119390K [0x00000000a0000000, 0x0000000100000000)
  region size 1024K, 4 young (4096K), 4 survivors (4096K)
 Metaspace       used 87534K, committed 88576K, reserved 1130496K
  class space    used 11907K, committed 12352K, reserved 1048576K
}
Event: 225.964 GC heap before
{Heap before GC invocations=68 (full 0):
 garbage-first heap   total 168960K, used 139870K [0x00000000a0000000, 0x0000000100000000)
  region size 1024K, 24 young (24576K), 4 survivors (4096K)
 Metaspace       used 87876K, committed 88960K, reserved 1130496K
  class space    used 11952K, committed 12416K, reserved 1048576K
}
Event: 226.005 GC heap after
{Heap after GC invocations=69 (full 0):
 garbage-first heap   total 168960K, used 123881K [0x00000000a0000000, 0x0000000100000000)
  region size 1024K, 3 young (3072K), 3 survivors (3072K)
 Metaspace       used 87876K, committed 88960K, reserved 1130496K
  class space    used 11952K, committed 12416K, reserved 1048576K
}
Event: 227.426 GC heap before
{Heap before GC invocations=69 (full 0):
 garbage-first heap   total 168960K, used 141289K [0x00000000a0000000, 0x0000000100000000)
  region size 1024K, 20 young (20480K), 3 survivors (3072K)
 Metaspace       used 87982K, committed 89024K, reserved 1130496K
  class space    used 11963K, committed 12416K, reserved 1048576K
}
Event: 227.462 GC heap after
{Heap after GC invocations=70 (full 0):
 garbage-first heap   total 202752K, used 126864K [0x00000000a0000000, 0x0000000100000000)
  region size 1024K, 3 young (3072K), 3 survivors (3072K)
 Metaspace       used 87982K, committed 89024K, reserved 1130496K
  class space    used 11963K, committed 12416K, reserved 1048576K
}
Event: 230.141 GC heap before
{Heap before GC invocations=70 (full 0):
 garbage-first heap   total 202752K, used 167824K [0x00000000a0000000, 0x0000000100000000)
  region size 1024K, 36 young (36864K), 3 survivors (3072K)
 Metaspace       used 88341K, committed 89472K, reserved 1130496K
  class space    used 12010K, committed 12480K, reserved 1048576K
}
Event: 230.182 GC heap after
{Heap after GC invocations=71 (full 0):
 garbage-first heap   total 202752K, used 142687K [0x00000000a0000000, 0x0000000100000000)
  region size 1024K, 5 young (5120K), 5 survivors (5120K)
 Metaspace       used 88341K, committed 89472K, reserved 1130496K
  class space    used 12010K, committed 12480K, reserved 1048576K
}
Event: 232.275 GC heap before
{Heap before GC invocations=71 (full 0):
 garbage-first heap   total 202752K, used 168287K [0x00000000a0000000, 0x0000000100000000)
  region size 1024K, 29 young (29696K), 5 survivors (5120K)
 Metaspace       used 88534K, committed 89664K, reserved 1130496K
  class space    used 12044K, committed 12480K, reserved 1048576K
}
Event: 232.321 GC heap after
{Heap after GC invocations=72 (full 0):
 garbage-first heap   total 202752K, used 151817K [0x00000000a0000000, 0x0000000100000000)
  region size 1024K, 4 young (4096K), 4 survivors (4096K)
 Metaspace       used 88534K, committed 89664K, reserved 1130496K
  class space    used 12044K, committed 12480K, reserved 1048576K
}
Event: 234.047 GC heap before
{Heap before GC invocations=72 (full 0):
 garbage-first heap   total 202752K, used 168201K [0x00000000a0000000, 0x0000000100000000)
  region size 1024K, 21 young (21504K), 4 survivors (4096K)
 Metaspace       used 88660K, committed 89792K, reserved 1130496K
  class space    used 12061K, committed 12480K, reserved 1048576K
}
Event: 234.079 GC heap after
{Heap after GC invocations=73 (full 0):
 garbage-first heap   total 202752K, used 155628K [0x00000000a0000000, 0x0000000100000000)
  region size 1024K, 3 young (3072K), 3 survivors (3072K)
 Metaspace       used 88660K, committed 89792K, reserved 1130496K
  class space    used 12061K, committed 12480K, reserved 1048576K
}
Event: 235.108 GC heap before
{Heap before GC invocations=73 (full 0):
 garbage-first heap   total 202752K, used 170988K [0x00000000a0000000, 0x0000000100000000)
  region size 1024K, 19 young (19456K), 3 survivors (3072K)
 Metaspace       used 88871K, committed 89984K, reserved 1130496K
  class space    used 12085K, committed 12544K, reserved 1048576K
}
Event: 235.135 GC heap after
{Heap after GC invocations=74 (full 0):
 garbage-first heap   total 202752K, used 158878K [0x00000000a0000000, 0x0000000100000000)
  region size 1024K, 3 young (3072K), 3 survivors (3072K)
 Metaspace       used 88871K, committed 89984K, reserved 1130496K
  class space    used 12085K, committed 12544K, reserved 1048576K
}
Event: 235.500 GC heap before
{Heap before GC invocations=74 (full 0):
 garbage-first heap   total 202752K, used 165022K [0x00000000a0000000, 0x0000000100000000)
  region size 1024K, 9 young (9216K), 3 survivors (3072K)
 Metaspace       used 89085K, committed 90240K, reserved 1130496K
  class space    used 12095K, committed 12544K, reserved 1048576K
}
Event: 235.520 GC heap after
{Heap after GC invocations=75 (full 0):
 garbage-first heap   total 202752K, used 162513K [0x00000000a0000000, 0x0000000100000000)
  region size 1024K, 2 young (2048K), 2 survivors (2048K)
 Metaspace       used 89085K, committed 90240K, reserved 1130496K
  class space    used 12095K, committed 12544K, reserved 1048576K
}

